{"/Users/rubenerik/Documents/ITESO/Semestre 6/Proyecto_PruebasSoftware/PROYECTO_TECNOLOGIAS_SERVER-CLIENTE/Backend/src/app/agents/controller.ts": {"path":"/Users/rubenerik/Documents/ITESO/Semestre 6/Proyecto_PruebasSoftware/PROYECTO_TECNOLOGIAS_SERVER-CLIENTE/Backend/src/app/agents/controller.ts","statementMap":{"0":{"start":{"line":22,"column":0},"end":{"line":22,"column":7}},"1":{"start":{"line":48,"column":0},"end":{"line":48,"column":7}},"2":{"start":{"line":102,"column":0},"end":{"line":102,"column":7}},"3":{"start":{"line":158,"column":0},"end":{"line":158,"column":7}},"4":{"start":{"line":187,"column":0},"end":{"line":187,"column":7}},"5":{"start":{"line":211,"column":0},"end":{"line":211,"column":7}},"6":{"start":{"line":295,"column":0},"end":{"line":295,"column":7}},"7":{"start":{"line":309,"column":0},"end":{"line":309,"column":7}},"8":{"start":{"line":2,"column":0},"end":{"line":2,"column":33}},"9":{"start":{"line":3,"column":0},"end":{"line":3,"column":37}},"10":{"start":{"line":4,"column":0},"end":{"line":4,"column":43}},"11":{"start":{"line":5,"column":0},"end":{"line":5,"column":33}},"12":{"start":{"line":13,"column":15},"end":{"line":13,"column":23}},"13":{"start":{"line":14,"column":2},"end":{"line":14,"column":23}},"14":{"start":{"line":14,"column":13},"end":{"line":14,"column":23}},"15":{"start":{"line":15,"column":2},"end":{"line":18,"column":4}},"16":{"start":{"line":23,"column":2},"end":{"line":44,"column":3}},"17":{"start":{"line":24,"column":36},"end":{"line":24,"column":null}},"18":{"start":{"line":29,"column":44},"end":{"line":29,"column":46}},"19":{"start":{"line":31,"column":4},"end":{"line":33,"column":5}},"20":{"start":{"line":32,"column":6},"end":{"line":32,"column":33}},"21":{"start":{"line":35,"column":4},"end":{"line":37,"column":5}},"22":{"start":{"line":36,"column":6},"end":{"line":36,"column":49}},"23":{"start":{"line":39,"column":19},"end":{"line":39,"column":62}},"24":{"start":{"line":40,"column":4},"end":{"line":40,"column":25}},"25":{"start":{"line":42,"column":4},"end":{"line":42,"column":51}},"26":{"start":{"line":43,"column":4},"end":{"line":43,"column":66}},"27":{"start":{"line":49,"column":2},"end":{"line":61,"column":3}},"28":{"start":{"line":50,"column":19},"end":{"line":50,"column":29}},"29":{"start":{"line":52,"column":18},"end":{"line":52,"column":61}},"30":{"start":{"line":53,"column":4},"end":{"line":55,"column":5}},"31":{"start":{"line":54,"column":6},"end":{"line":54,"column":71}},"32":{"start":{"line":57,"column":4},"end":{"line":57,"column":20}},"33":{"start":{"line":59,"column":4},"end":{"line":59,"column":51}},"34":{"start":{"line":60,"column":4},"end":{"line":60,"column":68}},"35":{"start":{"line":65,"column":27},"end":{"line":99,"column":1}},"36":{"start":{"line":66,"column":2},"end":{"line":98,"column":3}},"37":{"start":{"line":67,"column":21},"end":{"line":67,"column":37}},"38":{"start":{"line":69,"column":4},"end":{"line":71,"column":5}},"39":{"start":{"line":70,"column":8},"end":{"line":70,"column":66}},"40":{"start":{"line":73,"column":4},"end":{"line":75,"column":5}},"41":{"start":{"line":74,"column":8},"end":{"line":74,"column":91}},"42":{"start":{"line":77,"column":96},"end":{"line":77,"column":104}},"43":{"start":{"line":79,"column":22},"end":{"line":79,"column":63}},"44":{"start":{"line":81,"column":21},"end":{"line":92,"column":6}},"45":{"start":{"line":94,"column":4},"end":{"line":94,"column":35}},"46":{"start":{"line":96,"column":4},"end":{"line":96,"column":25}},"47":{"start":{"line":97,"column":4},"end":{"line":97,"column":62}},"48":{"start":{"line":65,"column":13},"end":{"line":65,"column":27}},"49":{"start":{"line":103,"column":2},"end":{"line":154,"column":3}},"50":{"start":{"line":104,"column":19},"end":{"line":104,"column":29}},"51":{"start":{"line":105,"column":21},"end":{"line":105,"column":37}},"52":{"start":{"line":106,"column":4},"end":{"line":108,"column":5}},"53":{"start":{"line":107,"column":6},"end":{"line":107,"column":64}},"54":{"start":{"line":110,"column":18},"end":{"line":110,"column":54}},"55":{"start":{"line":111,"column":4},"end":{"line":113,"column":5}},"56":{"start":{"line":112,"column":6},"end":{"line":112,"column":71}},"57":{"start":{"line":115,"column":20},"end":{"line":115,"column":62}},"58":{"start":{"line":116,"column":20},"end":{"line":116,"column":45}},"59":{"start":{"line":118,"column":4},"end":{"line":120,"column":5}},"60":{"start":{"line":119,"column":6},"end":{"line":119,"column":95}},"61":{"start":{"line":132,"column":8},"end":{"line":132,"column":16}},"62":{"start":{"line":134,"column":4},"end":{"line":134,"column":46}},"63":{"start":{"line":134,"column":28},"end":{"line":134,"column":46}},"64":{"start":{"line":135,"column":4},"end":{"line":135,"column":67}},"65":{"start":{"line":135,"column":35},"end":{"line":135,"column":67}},"66":{"start":{"line":137,"column":4},"end":{"line":137,"column":70}},"67":{"start":{"line":137,"column":36},"end":{"line":137,"column":70}},"68":{"start":{"line":139,"column":4},"end":{"line":139,"column":58}},"69":{"start":{"line":139,"column":32},"end":{"line":139,"column":58}},"70":{"start":{"line":140,"column":4},"end":{"line":140,"column":58}},"71":{"start":{"line":140,"column":32},"end":{"line":140,"column":58}},"72":{"start":{"line":141,"column":4},"end":{"line":141,"column":70}},"73":{"start":{"line":141,"column":36},"end":{"line":141,"column":70}},"74":{"start":{"line":142,"column":4},"end":{"line":142,"column":58}},"75":{"start":{"line":142,"column":32},"end":{"line":142,"column":58}},"76":{"start":{"line":143,"column":4},"end":{"line":143,"column":70}},"77":{"start":{"line":143,"column":36},"end":{"line":143,"column":70}},"78":{"start":{"line":144,"column":4},"end":{"line":144,"column":70}},"79":{"start":{"line":144,"column":36},"end":{"line":144,"column":70}},"80":{"start":{"line":146,"column":20},"end":{"line":146,"column":38}},"81":{"start":{"line":147,"column":4},"end":{"line":147,"column":22}},"82":{"start":{"line":149,"column":4},"end":{"line":149,"column":54}},"83":{"start":{"line":150,"column":4},"end":{"line":152,"column":5}},"84":{"start":{"line":151,"column":6},"end":{"line":151,"column":86}},"85":{"start":{"line":153,"column":4},"end":{"line":153,"column":71}},"86":{"start":{"line":159,"column":2},"end":{"line":183,"column":3}},"87":{"start":{"line":160,"column":19},"end":{"line":160,"column":29}},"88":{"start":{"line":161,"column":21},"end":{"line":161,"column":37}},"89":{"start":{"line":162,"column":4},"end":{"line":164,"column":5}},"90":{"start":{"line":163,"column":6},"end":{"line":163,"column":64}},"91":{"start":{"line":166,"column":18},"end":{"line":166,"column":54}},"92":{"start":{"line":167,"column":4},"end":{"line":169,"column":5}},"93":{"start":{"line":168,"column":6},"end":{"line":168,"column":71}},"94":{"start":{"line":171,"column":20},"end":{"line":171,"column":62}},"95":{"start":{"line":172,"column":20},"end":{"line":172,"column":45}},"96":{"start":{"line":174,"column":4},"end":{"line":176,"column":5}},"97":{"start":{"line":175,"column":6},"end":{"line":175,"column":94}},"98":{"start":{"line":178,"column":4},"end":{"line":178,"column":28}},"99":{"start":{"line":179,"column":4},"end":{"line":179,"column":60}},"100":{"start":{"line":181,"column":4},"end":{"line":181,"column":52}},"101":{"start":{"line":182,"column":4},"end":{"line":182,"column":69}},"102":{"start":{"line":188,"column":2},"end":{"line":207,"column":3}},"103":{"start":{"line":189,"column":23},"end":{"line":189,"column":55}},"104":{"start":{"line":191,"column":4},"end":{"line":194,"column":5}},"105":{"start":{"line":192,"column":21},"end":{"line":192,"column":58}},"106":{"start":{"line":193,"column":6},"end":{"line":193,"column":34}},"107":{"start":{"line":196,"column":18},"end":{"line":196,"column":41}},"108":{"start":{"line":197,"column":19},"end":{"line":201,"column":13}},"109":{"start":{"line":203,"column":4},"end":{"line":203,"column":25}},"110":{"start":{"line":205,"column":4},"end":{"line":205,"column":51}},"111":{"start":{"line":206,"column":4},"end":{"line":206,"column":65}},"112":{"start":{"line":212,"column":2},"end":{"line":291,"column":3}},"113":{"start":{"line":213,"column":19},"end":{"line":213,"column":29}},"114":{"start":{"line":215,"column":43},"end":{"line":215,"column":51}},"115":{"start":{"line":217,"column":19},"end":{"line":217,"column":48}},"116":{"start":{"line":219,"column":4},"end":{"line":219,"column":75}},"117":{"start":{"line":219,"column":17},"end":{"line":219,"column":75}},"118":{"start":{"line":221,"column":17},"end":{"line":221,"column":56}},"119":{"start":{"line":222,"column":18},"end":{"line":222,"column":54}},"120":{"start":{"line":224,"column":4},"end":{"line":224,"column":100}},"121":{"start":{"line":224,"column":25},"end":{"line":224,"column":100}},"122":{"start":{"line":226,"column":4},"end":{"line":228,"column":5}},"123":{"start":{"line":227,"column":7},"end":{"line":227,"column":66}},"124":{"start":{"line":231,"column":21},"end":{"line":231,"column":22}},"125":{"start":{"line":232,"column":4},"end":{"line":236,"column":5}},"126":{"start":{"line":233,"column":19},"end":{"line":233,"column":35}},"127":{"start":{"line":233,"column":36},"end":{"line":233,"column":42}},"128":{"start":{"line":234,"column":21},"end":{"line":234,"column":42}},"129":{"start":{"line":234,"column":43},"end":{"line":234,"column":49}},"130":{"start":{"line":235,"column":15},"end":{"line":235,"column":30}},"131":{"start":{"line":238,"column":23},"end":{"line":238,"column":42}},"132":{"start":{"line":239,"column":18},"end":{"line":239,"column":49}},"133":{"start":{"line":242,"column":4},"end":{"line":244,"column":5}},"134":{"start":{"line":243,"column":6},"end":{"line":243,"column":94}},"135":{"start":{"line":247,"column":4},"end":{"line":247,"column":47}},"136":{"start":{"line":248,"column":4},"end":{"line":248,"column":22}},"137":{"start":{"line":251,"column":16},"end":{"line":251,"column":26}},"138":{"start":{"line":252,"column":27},"end":{"line":252,"column":82}},"139":{"start":{"line":254,"column":4},"end":{"line":254,"column":48}},"140":{"start":{"line":255,"column":4},"end":{"line":255,"column":39}},"141":{"start":{"line":257,"column":4},"end":{"line":257,"column":68}},"142":{"start":{"line":257,"column":29},"end":{"line":257,"column":68}},"143":{"start":{"line":259,"column":4},"end":{"line":259,"column":23}},"144":{"start":{"line":262,"column":23},"end":{"line":262,"column":60}},"145":{"start":{"line":263,"column":4},"end":{"line":280,"column":5}},"146":{"start":{"line":264,"column":6},"end":{"line":279,"column":21}},"147":{"start":{"line":265,"column":8},"end":{"line":278,"column":9}},"148":{"start":{"line":266,"column":28},"end":{"line":266,"column":78}},"149":{"start":{"line":267,"column":10},"end":{"line":267,"column":33}},"150":{"start":{"line":267,"column":26},"end":{"line":267,"column":33}},"151":{"start":{"line":269,"column":10},"end":{"line":269,"column":68}},"152":{"start":{"line":269,"column":61},"end":{"line":269,"column":68}},"153":{"start":{"line":270,"column":10},"end":{"line":270,"column":77}},"154":{"start":{"line":270,"column":70},"end":{"line":270,"column":77}},"155":{"start":{"line":272,"column":10},"end":{"line":275,"column":13}},"156":{"start":{"line":277,"column":10},"end":{"line":277,"column":80}},"157":{"start":{"line":282,"column":4},"end":{"line":286,"column":7}},"158":{"start":{"line":289,"column":4},"end":{"line":289,"column":42}},"159":{"start":{"line":290,"column":4},"end":{"line":290,"column":57}},"160":{"start":{"line":296,"column":2},"end":{"line":305,"column":3}},"161":{"start":{"line":297,"column":19},"end":{"line":297,"column":48}},"162":{"start":{"line":298,"column":4},"end":{"line":298,"column":75}},"163":{"start":{"line":298,"column":17},"end":{"line":298,"column":75}},"164":{"start":{"line":300,"column":19},"end":{"line":300,"column":76}},"165":{"start":{"line":301,"column":4},"end":{"line":301,"column":25}},"166":{"start":{"line":303,"column":4},"end":{"line":303,"column":56}},"167":{"start":{"line":304,"column":4},"end":{"line":304,"column":60}},"168":{"start":{"line":310,"column":2},"end":{"line":328,"column":3}},"169":{"start":{"line":311,"column":19},"end":{"line":311,"column":29}},"170":{"start":{"line":312,"column":19},"end":{"line":312,"column":48}},"171":{"start":{"line":314,"column":18},"end":{"line":314,"column":54}},"172":{"start":{"line":315,"column":4},"end":{"line":315,"column":81}},"173":{"start":{"line":315,"column":16},"end":{"line":315,"column":81}},"174":{"start":{"line":317,"column":4},"end":{"line":319,"column":5}},"175":{"start":{"line":318,"column":6},"end":{"line":318,"column":84}},"176":{"start":{"line":321,"column":4},"end":{"line":321,"column":31}},"177":{"start":{"line":322,"column":4},"end":{"line":322,"column":23}},"178":{"start":{"line":324,"column":4},"end":{"line":324,"column":45}},"179":{"start":{"line":326,"column":4},"end":{"line":326,"column":23}},"180":{"start":{"line":327,"column":4},"end":{"line":327,"column":65}}},"fnMap":{"0":{"name":"getAuthUser","decl":{"start":{"line":12,"column":9},"end":{"line":12,"column":20}},"loc":{"start":{"line":12,"column":33},"end":{"line":19,"column":1}}},"1":{"name":"getAllAgents","decl":{"start":{"line":22,"column":22},"end":{"line":22,"column":34}},"loc":{"start":{"line":22,"column":62},"end":{"line":45,"column":1}}},"2":{"name":"getAgentById","decl":{"start":{"line":48,"column":22},"end":{"line":48,"column":34}},"loc":{"start":{"line":48,"column":62},"end":{"line":62,"column":1}}},"3":{"name":"(anonymous_3)","decl":{"start":{"line":65,"column":27},"end":{"line":65,"column":32}},"loc":{"start":{"line":65,"column":65},"end":{"line":99,"column":1}}},"4":{"name":"updateAgent","decl":{"start":{"line":102,"column":22},"end":{"line":102,"column":33}},"loc":{"start":{"line":102,"column":61},"end":{"line":155,"column":1}}},"5":{"name":"deleteAgent","decl":{"start":{"line":158,"column":22},"end":{"line":158,"column":33}},"loc":{"start":{"line":158,"column":61},"end":{"line":184,"column":1}}},"6":{"name":"searchAgent","decl":{"start":{"line":187,"column":22},"end":{"line":187,"column":33}},"loc":{"start":{"line":187,"column":61},"end":{"line":208,"column":1}}},"7":{"name":"rentAgent","decl":{"start":{"line":211,"column":22},"end":{"line":211,"column":31}},"loc":{"start":{"line":211,"column":59},"end":{"line":292,"column":1}}},"8":{"name":"(anonymous_8)","decl":{"start":{"line":264,"column":17},"end":{"line":264,"column":22}},"loc":{"start":{"line":264,"column":28},"end":{"line":279,"column":7}}},"9":{"name":"getMyRentedAgents","decl":{"start":{"line":295,"column":22},"end":{"line":295,"column":39}},"loc":{"start":{"line":295,"column":67},"end":{"line":306,"column":1}}},"10":{"name":"releaseAgent","decl":{"start":{"line":309,"column":22},"end":{"line":309,"column":34}},"loc":{"start":{"line":309,"column":62},"end":{"line":329,"column":1}}}},"branchMap":{"0":{"loc":{"start":{"line":14,"column":2},"end":{"line":14,"column":23}},"type":"if","locations":[{"start":{"line":14,"column":2},"end":{"line":14,"column":23}},{"start":{},"end":{}}]},"1":{"loc":{"start":{"line":31,"column":4},"end":{"line":33,"column":5}},"type":"if","locations":[{"start":{"line":31,"column":4},"end":{"line":33,"column":5}},{"start":{},"end":{}}]},"2":{"loc":{"start":{"line":35,"column":4},"end":{"line":37,"column":5}},"type":"if","locations":[{"start":{"line":35,"column":4},"end":{"line":37,"column":5}},{"start":{},"end":{}}]},"3":{"loc":{"start":{"line":53,"column":4},"end":{"line":55,"column":5}},"type":"if","locations":[{"start":{"line":53,"column":4},"end":{"line":55,"column":5}},{"start":{},"end":{}}]},"4":{"loc":{"start":{"line":69,"column":4},"end":{"line":71,"column":5}},"type":"if","locations":[{"start":{"line":69,"column":4},"end":{"line":71,"column":5}},{"start":{},"end":{}}]},"5":{"loc":{"start":{"line":73,"column":4},"end":{"line":75,"column":5}},"type":"if","locations":[{"start":{"line":73,"column":4},"end":{"line":75,"column":5}},{"start":{},"end":{}}]},"6":{"loc":{"start":{"line":79,"column":22},"end":{"line":79,"column":63}},"type":"binary-expr","locations":[{"start":{"line":79,"column":22},"end":{"line":79,"column":57}},{"start":{"line":79,"column":61},"end":{"line":79,"column":63}}]},"7":{"loc":{"start":{"line":106,"column":4},"end":{"line":108,"column":5}},"type":"if","locations":[{"start":{"line":106,"column":4},"end":{"line":108,"column":5}},{"start":{},"end":{}}]},"8":{"loc":{"start":{"line":111,"column":4},"end":{"line":113,"column":5}},"type":"if","locations":[{"start":{"line":111,"column":4},"end":{"line":113,"column":5}},{"start":{},"end":{}}]},"9":{"loc":{"start":{"line":118,"column":4},"end":{"line":120,"column":5}},"type":"if","locations":[{"start":{"line":118,"column":4},"end":{"line":120,"column":5}},{"start":{},"end":{}}]},"10":{"loc":{"start":{"line":118,"column":8},"end":{"line":118,"column":28}},"type":"binary-expr","locations":[{"start":{"line":118,"column":8},"end":{"line":118,"column":16}},{"start":{"line":118,"column":20},"end":{"line":118,"column":28}}]},"11":{"loc":{"start":{"line":134,"column":4},"end":{"line":134,"column":46}},"type":"if","locations":[{"start":{"line":134,"column":4},"end":{"line":134,"column":46}},{"start":{},"end":{}}]},"12":{"loc":{"start":{"line":135,"column":4},"end":{"line":135,"column":67}},"type":"if","locations":[{"start":{"line":135,"column":4},"end":{"line":135,"column":67}},{"start":{},"end":{}}]},"13":{"loc":{"start":{"line":137,"column":4},"end":{"line":137,"column":70}},"type":"if","locations":[{"start":{"line":137,"column":4},"end":{"line":137,"column":70}},{"start":{},"end":{}}]},"14":{"loc":{"start":{"line":139,"column":4},"end":{"line":139,"column":58}},"type":"if","locations":[{"start":{"line":139,"column":4},"end":{"line":139,"column":58}},{"start":{},"end":{}}]},"15":{"loc":{"start":{"line":140,"column":4},"end":{"line":140,"column":58}},"type":"if","locations":[{"start":{"line":140,"column":4},"end":{"line":140,"column":58}},{"start":{},"end":{}}]},"16":{"loc":{"start":{"line":141,"column":4},"end":{"line":141,"column":70}},"type":"if","locations":[{"start":{"line":141,"column":4},"end":{"line":141,"column":70}},{"start":{},"end":{}}]},"17":{"loc":{"start":{"line":142,"column":4},"end":{"line":142,"column":58}},"type":"if","locations":[{"start":{"line":142,"column":4},"end":{"line":142,"column":58}},{"start":{},"end":{}}]},"18":{"loc":{"start":{"line":143,"column":4},"end":{"line":143,"column":70}},"type":"if","locations":[{"start":{"line":143,"column":4},"end":{"line":143,"column":70}},{"start":{},"end":{}}]},"19":{"loc":{"start":{"line":144,"column":4},"end":{"line":144,"column":70}},"type":"if","locations":[{"start":{"line":144,"column":4},"end":{"line":144,"column":70}},{"start":{},"end":{}}]},"20":{"loc":{"start":{"line":150,"column":4},"end":{"line":152,"column":5}},"type":"if","locations":[{"start":{"line":150,"column":4},"end":{"line":152,"column":5}},{"start":{},"end":{}}]},"21":{"loc":{"start":{"line":150,"column":8},"end":{"line":150,"column":62}},"type":"binary-expr","locations":[{"start":{"line":150,"column":8},"end":{"line":150,"column":28}},{"start":{"line":150,"column":32},"end":{"line":150,"column":62}}]},"22":{"loc":{"start":{"line":162,"column":4},"end":{"line":164,"column":5}},"type":"if","locations":[{"start":{"line":162,"column":4},"end":{"line":164,"column":5}},{"start":{},"end":{}}]},"23":{"loc":{"start":{"line":167,"column":4},"end":{"line":169,"column":5}},"type":"if","locations":[{"start":{"line":167,"column":4},"end":{"line":169,"column":5}},{"start":{},"end":{}}]},"24":{"loc":{"start":{"line":174,"column":4},"end":{"line":176,"column":5}},"type":"if","locations":[{"start":{"line":174,"column":4},"end":{"line":176,"column":5}},{"start":{},"end":{}}]},"25":{"loc":{"start":{"line":174,"column":8},"end":{"line":174,"column":28}},"type":"binary-expr","locations":[{"start":{"line":174,"column":8},"end":{"line":174,"column":16}},{"start":{"line":174,"column":20},"end":{"line":174,"column":28}}]},"26":{"loc":{"start":{"line":191,"column":4},"end":{"line":194,"column":5}},"type":"if","locations":[{"start":{"line":191,"column":4},"end":{"line":194,"column":5}},{"start":{},"end":{}}]},"27":{"loc":{"start":{"line":215,"column":12},"end":{"line":215,"column":22}},"type":"default-arg","locations":[{"start":{"line":215,"column":21},"end":{"line":215,"column":22}}]},"28":{"loc":{"start":{"line":215,"column":24},"end":{"line":215,"column":38}},"type":"default-arg","locations":[{"start":{"line":215,"column":31},"end":{"line":215,"column":38}}]},"29":{"loc":{"start":{"line":217,"column":19},"end":{"line":217,"column":48}},"type":"binary-expr","locations":[{"start":{"line":217,"column":19},"end":{"line":217,"column":31}},{"start":{"line":217,"column":35},"end":{"line":217,"column":48}}]},"30":{"loc":{"start":{"line":219,"column":4},"end":{"line":219,"column":75}},"type":"if","locations":[{"start":{"line":219,"column":4},"end":{"line":219,"column":75}},{"start":{},"end":{}}]},"31":{"loc":{"start":{"line":224,"column":4},"end":{"line":224,"column":100}},"type":"if","locations":[{"start":{"line":224,"column":4},"end":{"line":224,"column":100}},{"start":{},"end":{}}]},"32":{"loc":{"start":{"line":224,"column":8},"end":{"line":224,"column":23}},"type":"binary-expr","locations":[{"start":{"line":224,"column":8},"end":{"line":224,"column":13}},{"start":{"line":224,"column":17},"end":{"line":224,"column":23}}]},"33":{"loc":{"start":{"line":226,"column":4},"end":{"line":228,"column":5}},"type":"if","locations":[{"start":{"line":226,"column":4},"end":{"line":228,"column":5}},{"start":{},"end":{}}]},"34":{"loc":{"start":{"line":226,"column":8},"end":{"line":226,"column":62}},"type":"binary-expr","locations":[{"start":{"line":226,"column":8},"end":{"line":226,"column":22}},{"start":{"line":226,"column":26},"end":{"line":226,"column":62}}]},"35":{"loc":{"start":{"line":232,"column":4},"end":{"line":236,"column":5}},"type":"switch","locations":[{"start":{"line":233,"column":6},"end":{"line":233,"column":42}},{"start":{"line":234,"column":6},"end":{"line":234,"column":49}},{"start":{"line":235,"column":6},"end":{"line":235,"column":30}}]},"36":{"loc":{"start":{"line":242,"column":4},"end":{"line":244,"column":5}},"type":"if","locations":[{"start":{"line":242,"column":4},"end":{"line":244,"column":5}},{"start":{},"end":{}}]},"37":{"loc":{"start":{"line":242,"column":9},"end":{"line":242,"column":26}},"type":"binary-expr","locations":[{"start":{"line":242,"column":9},"end":{"line":242,"column":21}},{"start":{"line":242,"column":25},"end":{"line":242,"column":26}}]},"38":{"loc":{"start":{"line":247,"column":20},"end":{"line":247,"column":37}},"type":"binary-expr","locations":[{"start":{"line":247,"column":20},"end":{"line":247,"column":32}},{"start":{"line":247,"column":36},"end":{"line":247,"column":37}}]},"39":{"loc":{"start":{"line":257,"column":4},"end":{"line":257,"column":68}},"type":"if","locations":[{"start":{"line":257,"column":4},"end":{"line":257,"column":68}},{"start":{},"end":{}}]},"40":{"loc":{"start":{"line":263,"column":4},"end":{"line":280,"column":5}},"type":"if","locations":[{"start":{"line":263,"column":4},"end":{"line":280,"column":5}},{"start":{},"end":{}}]},"41":{"loc":{"start":{"line":267,"column":10},"end":{"line":267,"column":33}},"type":"if","locations":[{"start":{"line":267,"column":10},"end":{"line":267,"column":33}},{"start":{},"end":{}}]},"42":{"loc":{"start":{"line":269,"column":10},"end":{"line":269,"column":68}},"type":"if","locations":[{"start":{"line":269,"column":10},"end":{"line":269,"column":68}},{"start":{},"end":{}}]},"43":{"loc":{"start":{"line":269,"column":14},"end":{"line":269,"column":59}},"type":"binary-expr","locations":[{"start":{"line":269,"column":14},"end":{"line":269,"column":33}},{"start":{"line":269,"column":37},"end":{"line":269,"column":59}}]},"44":{"loc":{"start":{"line":270,"column":10},"end":{"line":270,"column":77}},"type":"if","locations":[{"start":{"line":270,"column":10},"end":{"line":270,"column":77}},{"start":{},"end":{}}]},"45":{"loc":{"start":{"line":297,"column":19},"end":{"line":297,"column":48}},"type":"binary-expr","locations":[{"start":{"line":297,"column":19},"end":{"line":297,"column":32}},{"start":{"line":297,"column":36},"end":{"line":297,"column":48}}]},"46":{"loc":{"start":{"line":298,"column":4},"end":{"line":298,"column":75}},"type":"if","locations":[{"start":{"line":298,"column":4},"end":{"line":298,"column":75}},{"start":{},"end":{}}]},"47":{"loc":{"start":{"line":312,"column":19},"end":{"line":312,"column":48}},"type":"binary-expr","locations":[{"start":{"line":312,"column":19},"end":{"line":312,"column":32}},{"start":{"line":312,"column":36},"end":{"line":312,"column":48}}]},"48":{"loc":{"start":{"line":315,"column":4},"end":{"line":315,"column":81}},"type":"if","locations":[{"start":{"line":315,"column":4},"end":{"line":315,"column":81}},{"start":{},"end":{}}]},"49":{"loc":{"start":{"line":317,"column":4},"end":{"line":319,"column":5}},"type":"if","locations":[{"start":{"line":317,"column":4},"end":{"line":319,"column":5}},{"start":{},"end":{}}]}},"s":{"0":1,"1":1,"2":1,"3":1,"4":1,"5":1,"6":1,"7":1,"8":1,"9":1,"10":1,"11":1,"12":1,"13":1,"14":0,"15":1,"16":1,"17":1,"18":1,"19":1,"20":0,"21":1,"22":0,"23":1,"24":1,"25":0,"26":0,"27":0,"28":0,"29":0,"30":0,"31":0,"32":0,"33":0,"34":0,"35":1,"36":1,"37":1,"38":1,"39":0,"40":1,"41":1,"42":0,"43":0,"44":0,"45":0,"46":0,"47":0,"48":1,"49":0,"50":0,"51":0,"52":0,"53":0,"54":0,"55":0,"56":0,"57":0,"58":0,"59":0,"60":0,"61":0,"62":0,"63":0,"64":0,"65":0,"66":0,"67":0,"68":0,"69":0,"70":0,"71":0,"72":0,"73":0,"74":0,"75":0,"76":0,"77":0,"78":0,"79":0,"80":0,"81":0,"82":0,"83":0,"84":0,"85":0,"86":0,"87":0,"88":0,"89":0,"90":0,"91":0,"92":0,"93":0,"94":0,"95":0,"96":0,"97":0,"98":0,"99":0,"100":0,"101":0,"102":0,"103":0,"104":0,"105":0,"106":0,"107":0,"108":0,"109":0,"110":0,"111":0,"112":1,"113":1,"114":1,"115":1,"116":1,"117":0,"118":1,"119":1,"120":1,"121":0,"122":1,"123":0,"124":1,"125":1,"126":0,"127":0,"128":0,"129":0,"130":1,"131":1,"132":1,"133":1,"134":1,"135":0,"136":0,"137":0,"138":0,"139":0,"140":0,"141":0,"142":0,"143":0,"144":0,"145":0,"146":0,"147":0,"148":0,"149":0,"150":0,"151":0,"152":0,"153":0,"154":0,"155":0,"156":0,"157":0,"158":0,"159":0,"160":0,"161":0,"162":0,"163":0,"164":0,"165":0,"166":0,"167":0,"168":0,"169":0,"170":0,"171":0,"172":0,"173":0,"174":0,"175":0,"176":0,"177":0,"178":0,"179":0,"180":0},"f":{"0":1,"1":1,"2":0,"3":1,"4":0,"5":0,"6":0,"7":1,"8":0,"9":0,"10":0},"b":{"0":[0,1],"1":[0,1],"2":[0,1],"3":[0,0],"4":[0,1],"5":[1,0],"6":[0,0],"7":[0,0],"8":[0,0],"9":[0,0],"10":[0,0],"11":[0,0],"12":[0,0],"13":[0,0],"14":[0,0],"15":[0,0],"16":[0,0],"17":[0,0],"18":[0,0],"19":[0,0],"20":[0,0],"21":[0,0],"22":[0,0],"23":[0,0],"24":[0,0],"25":[0,0],"26":[0,0],"27":[0],"28":[0],"29":[1,0],"30":[0,1],"31":[0,1],"32":[1,1],"33":[0,1],"34":[1,0],"35":[0,0,1],"36":[1,0],"37":[1,1],"38":[0,0],"39":[0,0],"40":[0,0],"41":[0,0],"42":[0,0],"43":[0,0],"44":[0,0],"45":[0,0],"46":[0,0],"47":[0,0],"48":[0,0],"49":[0,0]}}
,"/Users/rubenerik/Documents/ITESO/Semestre 6/Proyecto_PruebasSoftware/PROYECTO_TECNOLOGIAS_SERVER-CLIENTE/Backend/src/app/agents/model.ts": {"path":"/Users/rubenerik/Documents/ITESO/Semestre 6/Proyecto_PruebasSoftware/PROYECTO_TECNOLOGIAS_SERVER-CLIENTE/Backend/src/app/agents/model.ts","statementMap":{"0":{"start":{"line":1,"column":0},"end":{"line":1,"column":41}},"1":{"start":{"line":4,"column":20},"end":{"line":39,"column":null}},"2":{"start":{"line":42,"column":13},"end":{"line":42,"column":62}}},"fnMap":{},"branchMap":{},"s":{"0":1,"1":1,"2":1},"f":{},"b":{}}
,"/Users/rubenerik/Documents/ITESO/Semestre 6/Proyecto_PruebasSoftware/PROYECTO_TECNOLOGIAS_SERVER-CLIENTE/Backend/src/app/users/controller.ts": {"path":"/Users/rubenerik/Documents/ITESO/Semestre 6/Proyecto_PruebasSoftware/PROYECTO_TECNOLOGIAS_SERVER-CLIENTE/Backend/src/app/users/controller.ts","statementMap":{"0":{"start":{"line":9,"column":0},"end":{"line":9,"column":7}},"1":{"start":{"line":23,"column":0},"end":{"line":23,"column":7}},"2":{"start":{"line":68,"column":0},"end":{"line":68,"column":7}},"3":{"start":{"line":84,"column":0},"end":{"line":84,"column":7}},"4":{"start":{"line":142,"column":0},"end":{"line":142,"column":7}},"5":{"start":{"line":158,"column":0},"end":{"line":158,"column":16}},"6":{"start":{"line":166,"column":0},"end":{"line":166,"column":7}},"7":{"start":{"line":218,"column":0},"end":{"line":218,"column":7}},"8":{"start":{"line":243,"column":0},"end":{"line":243,"column":7}},"9":{"start":{"line":278,"column":0},"end":{"line":278,"column":7}},"10":{"start":{"line":2,"column":0},"end":{"line":2,"column":43}},"11":{"start":{"line":3,"column":0},"end":{"line":3,"column":36}},"12":{"start":{"line":4,"column":0},"end":{"line":4,"column":30}},"13":{"start":{"line":5,"column":0},"end":{"line":5,"column":31}},"14":{"start":{"line":6,"column":0},"end":{"line":6,"column":56}},"15":{"start":{"line":10,"column":2},"end":{"line":18,"column":3}},"16":{"start":{"line":11,"column":18},"end":{"line":11,"column":104}},"17":{"start":{"line":12,"column":4},"end":{"line":14,"column":7}},"18":{"start":{"line":13,"column":31},"end":{"line":13,"column":155}},"19":{"start":{"line":16,"column":4},"end":{"line":16,"column":51}},"20":{"start":{"line":17,"column":4},"end":{"line":17,"column":67}},"21":{"start":{"line":21,"column":19},"end":{"line":21,"column":47}},"22":{"start":{"line":24,"column":2},"end":{"line":64,"column":3}},"23":{"start":{"line":25,"column":38},"end":{"line":25,"column":46}},"24":{"start":{"line":27,"column":4},"end":{"line":28,"column":75}},"25":{"start":{"line":28,"column":6},"end":{"line":28,"column":75}},"26":{"start":{"line":30,"column":4},"end":{"line":32,"column":5}},"27":{"start":{"line":31,"column":6},"end":{"line":31,"column":77}},"28":{"start":{"line":34,"column":24},"end":{"line":34,"column":65}},"29":{"start":{"line":35,"column":4},"end":{"line":37,"column":5}},"30":{"start":{"line":36,"column":6},"end":{"line":36,"column":70}},"31":{"start":{"line":39,"column":23},"end":{"line":39,"column":63}},"32":{"start":{"line":40,"column":4},"end":{"line":42,"column":5}},"33":{"start":{"line":41,"column":6},"end":{"line":41,"column":82}},"34":{"start":{"line":44,"column":19},"end":{"line":44,"column":60}},"35":{"start":{"line":45,"column":4},"end":{"line":45,"column":80}},"36":{"start":{"line":45,"column":16},"end":{"line":45,"column":80}},"37":{"start":{"line":47,"column":25},"end":{"line":47,"column":56}},"38":{"start":{"line":48,"column":17},"end":{"line":48,"column":70}},"39":{"start":{"line":51,"column":4},"end":{"line":55,"column":5}},"40":{"start":{"line":52,"column":6},"end":{"line":52,"column":42}},"41":{"start":{"line":54,"column":6},"end":{"line":54,"column":72}},"42":{"start":{"line":57,"column":4},"end":{"line":60,"column":7}},"43":{"start":{"line":62,"column":4},"end":{"line":62,"column":49}},"44":{"start":{"line":63,"column":4},"end":{"line":63,"column":67}},"45":{"start":{"line":69,"column":2},"end":{"line":80,"column":3}},"46":{"start":{"line":70,"column":19},"end":{"line":70,"column":29}},"47":{"start":{"line":71,"column":4},"end":{"line":71,"column":86}},"48":{"start":{"line":71,"column":30},"end":{"line":71,"column":86}},"49":{"start":{"line":73,"column":17},"end":{"line":73,"column":97}},"50":{"start":{"line":74,"column":4},"end":{"line":74,"column":81}},"51":{"start":{"line":74,"column":15},"end":{"line":74,"column":81}},"52":{"start":{"line":76,"column":4},"end":{"line":76,"column":136}},"53":{"start":{"line":78,"column":4},"end":{"line":78,"column":52}},"54":{"start":{"line":79,"column":4},"end":{"line":79,"column":67}},"55":{"start":{"line":85,"column":2},"end":{"line":138,"column":3}},"56":{"start":{"line":86,"column":19},"end":{"line":86,"column":29}},"57":{"start":{"line":87,"column":4},"end":{"line":87,"column":86}},"58":{"start":{"line":87,"column":30},"end":{"line":87,"column":86}},"59":{"start":{"line":89,"column":46},"end":{"line":89,"column":60}},"60":{"start":{"line":91,"column":4},"end":{"line":93,"column":5}},"61":{"start":{"line":92,"column":6},"end":{"line":92,"column":71}},"62":{"start":{"line":95,"column":4},"end":{"line":98,"column":5}},"63":{"start":{"line":96,"column":21},"end":{"line":96,"column":80}},"64":{"start":{"line":97,"column":6},"end":{"line":97,"column":82}},"65":{"start":{"line":97,"column":18},"end":{"line":97,"column":82}},"66":{"start":{"line":100,"column":94},"end":{"line":100,"column":96}},"67":{"start":{"line":101,"column":4},"end":{"line":101,"column":33}},"68":{"start":{"line":101,"column":14},"end":{"line":101,"column":33}},"69":{"start":{"line":102,"column":4},"end":{"line":102,"column":36}},"70":{"start":{"line":102,"column":15},"end":{"line":102,"column":36}},"71":{"start":{"line":103,"column":4},"end":{"line":103,"column":39}},"72":{"start":{"line":103,"column":16},"end":{"line":103,"column":39}},"73":{"start":{"line":104,"column":4},"end":{"line":106,"column":5}},"74":{"start":{"line":105,"column":6},"end":{"line":105,"column":60}},"75":{"start":{"line":108,"column":20},"end":{"line":112,"column":12}},"76":{"start":{"line":114,"column":4},"end":{"line":114,"column":84}},"77":{"start":{"line":114,"column":18},"end":{"line":114,"column":84}},"78":{"start":{"line":116,"column":18},"end":{"line":126,"column":null}},"79":{"start":{"line":130,"column":4},"end":{"line":133,"column":7}},"80":{"start":{"line":136,"column":4},"end":{"line":136,"column":54}},"81":{"start":{"line":137,"column":4},"end":{"line":137,"column":67}},"82":{"start":{"line":143,"column":2},"end":{"line":154,"column":3}},"83":{"start":{"line":144,"column":19},"end":{"line":144,"column":29}},"84":{"start":{"line":145,"column":4},"end":{"line":145,"column":86}},"85":{"start":{"line":145,"column":30},"end":{"line":145,"column":86}},"86":{"start":{"line":147,"column":19},"end":{"line":147,"column":63}},"87":{"start":{"line":148,"column":4},"end":{"line":148,"column":83}},"88":{"start":{"line":148,"column":17},"end":{"line":148,"column":83}},"89":{"start":{"line":150,"column":4},"end":{"line":150,"column":34}},"90":{"start":{"line":152,"column":4},"end":{"line":152,"column":52}},"91":{"start":{"line":153,"column":4},"end":{"line":153,"column":67}},"92":{"start":{"line":159,"column":20},"end":{"line":161,"column":4}},"93":{"start":{"line":162,"column":2},"end":{"line":162,"column":41}},"94":{"start":{"line":165,"column":19},"end":{"line":165,"column":80}},"95":{"start":{"line":167,"column":2},"end":{"line":214,"column":3}},"96":{"start":{"line":168,"column":32},"end":{"line":168,"column":40}},"97":{"start":{"line":170,"column":17},"end":{"line":170,"column":51}},"98":{"start":{"line":172,"column":4},"end":{"line":174,"column":5}},"99":{"start":{"line":173,"column":6},"end":{"line":173,"column":82}},"100":{"start":{"line":176,"column":4},"end":{"line":180,"column":5}},"101":{"start":{"line":177,"column":6},"end":{"line":179,"column":9}},"102":{"start":{"line":182,"column":15},"end":{"line":182,"column":64}},"103":{"start":{"line":184,"column":4},"end":{"line":186,"column":5}},"104":{"start":{"line":185,"column":6},"end":{"line":185,"column":82}},"105":{"start":{"line":188,"column":14},"end":{"line":199,"column":null}},"106":{"start":{"line":202,"column":4},"end":{"line":210,"column":7}},"107":{"start":{"line":212,"column":4},"end":{"line":212,"column":46}},"108":{"start":{"line":213,"column":4},"end":{"line":213,"column":75}},"109":{"start":{"line":219,"column":2},"end":{"line":239,"column":3}},"110":{"start":{"line":220,"column":19},"end":{"line":220,"column":29}},"111":{"start":{"line":221,"column":4},"end":{"line":221,"column":86}},"112":{"start":{"line":221,"column":30},"end":{"line":221,"column":86}},"113":{"start":{"line":223,"column":21},"end":{"line":223,"column":35}},"114":{"start":{"line":224,"column":4},"end":{"line":226,"column":5}},"115":{"start":{"line":225,"column":6},"end":{"line":225,"column":85}},"116":{"start":{"line":228,"column":20},"end":{"line":232,"column":12}},"117":{"start":{"line":233,"column":4},"end":{"line":233,"column":84}},"118":{"start":{"line":233,"column":18},"end":{"line":233,"column":84}},"119":{"start":{"line":235,"column":4},"end":{"line":235,"column":111}},"120":{"start":{"line":237,"column":4},"end":{"line":237,"column":50}},"121":{"start":{"line":238,"column":4},"end":{"line":238,"column":67}},"122":{"start":{"line":244,"column":2},"end":{"line":274,"column":3}},"123":{"start":{"line":245,"column":19},"end":{"line":245,"column":29}},"124":{"start":{"line":246,"column":4},"end":{"line":248,"column":5}},"125":{"start":{"line":247,"column":6},"end":{"line":247,"column":62}},"126":{"start":{"line":250,"column":23},"end":{"line":250,"column":37}},"127":{"start":{"line":251,"column":4},"end":{"line":253,"column":5}},"128":{"start":{"line":252,"column":6},"end":{"line":252,"column":92}},"129":{"start":{"line":255,"column":20},"end":{"line":259,"column":12}},"130":{"start":{"line":261,"column":4},"end":{"line":263,"column":5}},"131":{"start":{"line":262,"column":6},"end":{"line":262,"column":72}},"132":{"start":{"line":265,"column":4},"end":{"line":270,"column":7}},"133":{"start":{"line":272,"column":4},"end":{"line":272,"column":53}},"134":{"start":{"line":273,"column":4},"end":{"line":273,"column":67}},"135":{"start":{"line":279,"column":2},"end":{"line":307,"column":3}},"136":{"start":{"line":280,"column":19},"end":{"line":280,"column":29}},"137":{"start":{"line":281,"column":4},"end":{"line":283,"column":5}},"138":{"start":{"line":282,"column":6},"end":{"line":282,"column":62}},"139":{"start":{"line":285,"column":23},"end":{"line":285,"column":37}},"140":{"start":{"line":286,"column":26},"end":{"line":286,"column":40}},"141":{"start":{"line":288,"column":4},"end":{"line":290,"column":5}},"142":{"start":{"line":289,"column":6},"end":{"line":289,"column":80}},"143":{"start":{"line":292,"column":17},"end":{"line":292,"column":52}},"144":{"start":{"line":293,"column":4},"end":{"line":295,"column":5}},"145":{"start":{"line":294,"column":6},"end":{"line":294,"column":72}},"146":{"start":{"line":297,"column":4},"end":{"line":297,"column":55}},"147":{"start":{"line":298,"column":4},"end":{"line":298,"column":22}},"148":{"start":{"line":300,"column":4},"end":{"line":303,"column":7}},"149":{"start":{"line":305,"column":4},"end":{"line":305,"column":52}},"150":{"start":{"line":306,"column":4},"end":{"line":306,"column":67}}},"fnMap":{"0":{"name":"getUsers","decl":{"start":{"line":9,"column":22},"end":{"line":9,"column":30}},"loc":{"start":{"line":9,"column":58},"end":{"line":19,"column":1}}},"1":{"name":"(anonymous_2)","decl":{"start":{"line":13,"column":23},"end":{"line":13,"column":24}},"loc":{"start":{"line":13,"column":31},"end":{"line":13,"column":155}}},"2":{"name":"postUsers","decl":{"start":{"line":23,"column":22},"end":{"line":23,"column":31}},"loc":{"start":{"line":23,"column":59},"end":{"line":65,"column":1}}},"3":{"name":"getUserById","decl":{"start":{"line":68,"column":22},"end":{"line":68,"column":33}},"loc":{"start":{"line":68,"column":61},"end":{"line":81,"column":1}}},"4":{"name":"updateUser","decl":{"start":{"line":84,"column":22},"end":{"line":84,"column":32}},"loc":{"start":{"line":84,"column":60},"end":{"line":139,"column":1}}},"5":{"name":"deleteUser","decl":{"start":{"line":142,"column":22},"end":{"line":142,"column":32}},"loc":{"start":{"line":142,"column":60},"end":{"line":155,"column":1}}},"6":{"name":"getFavoriteAgents","decl":{"start":{"line":158,"column":16},"end":{"line":158,"column":33}},"loc":{"start":{"line":158,"column":61},"end":{"line":163,"column":1}}},"7":{"name":"loginUser","decl":{"start":{"line":166,"column":22},"end":{"line":166,"column":31}},"loc":{"start":{"line":166,"column":59},"end":{"line":215,"column":1}}},"8":{"name":"updateUserRole","decl":{"start":{"line":218,"column":22},"end":{"line":218,"column":36}},"loc":{"start":{"line":218,"column":64},"end":{"line":240,"column":1}}},"9":{"name":"updateUserStatus","decl":{"start":{"line":243,"column":22},"end":{"line":243,"column":38}},"loc":{"start":{"line":243,"column":66},"end":{"line":275,"column":1}}},"10":{"name":"addUserCredits","decl":{"start":{"line":278,"column":22},"end":{"line":278,"column":36}},"loc":{"start":{"line":278,"column":64},"end":{"line":308,"column":1}}}},"branchMap":{"0":{"loc":{"start":{"line":13,"column":84},"end":{"line":13,"column":100}},"type":"binary-expr","locations":[{"start":{"line":13,"column":84},"end":{"line":13,"column":90}},{"start":{"line":13,"column":94},"end":{"line":13,"column":100}}]},"1":{"loc":{"start":{"line":13,"column":110},"end":{"line":13,"column":124}},"type":"binary-expr","locations":[{"start":{"line":13,"column":110},"end":{"line":13,"column":119}},{"start":{"line":13,"column":123},"end":{"line":13,"column":124}}]},"2":{"loc":{"start":{"line":13,"column":133},"end":{"line":13,"column":153}},"type":"binary-expr","locations":[{"start":{"line":13,"column":133},"end":{"line":13,"column":141}},{"start":{"line":13,"column":145},"end":{"line":13,"column":153}}]},"3":{"loc":{"start":{"line":27,"column":4},"end":{"line":28,"column":75}},"type":"if","locations":[{"start":{"line":27,"column":4},"end":{"line":28,"column":75}},{"start":{},"end":{}}]},"4":{"loc":{"start":{"line":27,"column":8},"end":{"line":27,"column":36}},"type":"binary-expr","locations":[{"start":{"line":27,"column":8},"end":{"line":27,"column":13}},{"start":{"line":27,"column":17},"end":{"line":27,"column":23}},{"start":{"line":27,"column":27},"end":{"line":27,"column":36}}]},"5":{"loc":{"start":{"line":30,"column":4},"end":{"line":32,"column":5}},"type":"if","locations":[{"start":{"line":30,"column":4},"end":{"line":32,"column":5}},{"start":{},"end":{}}]},"6":{"loc":{"start":{"line":35,"column":4},"end":{"line":37,"column":5}},"type":"if","locations":[{"start":{"line":35,"column":4},"end":{"line":37,"column":5}},{"start":{},"end":{}}]},"7":{"loc":{"start":{"line":40,"column":4},"end":{"line":42,"column":5}},"type":"if","locations":[{"start":{"line":40,"column":4},"end":{"line":42,"column":5}},{"start":{},"end":{}}]},"8":{"loc":{"start":{"line":45,"column":4},"end":{"line":45,"column":80}},"type":"if","locations":[{"start":{"line":45,"column":4},"end":{"line":45,"column":80}},{"start":{},"end":{}}]},"9":{"loc":{"start":{"line":71,"column":4},"end":{"line":71,"column":86}},"type":"if","locations":[{"start":{"line":71,"column":4},"end":{"line":71,"column":86}},{"start":{},"end":{}}]},"10":{"loc":{"start":{"line":74,"column":4},"end":{"line":74,"column":81}},"type":"if","locations":[{"start":{"line":74,"column":4},"end":{"line":74,"column":81}},{"start":{},"end":{}}]},"11":{"loc":{"start":{"line":76,"column":109},"end":{"line":76,"column":132}},"type":"binary-expr","locations":[{"start":{"line":76,"column":109},"end":{"line":76,"column":120}},{"start":{"line":76,"column":124},"end":{"line":76,"column":132}}]},"12":{"loc":{"start":{"line":87,"column":4},"end":{"line":87,"column":86}},"type":"if","locations":[{"start":{"line":87,"column":4},"end":{"line":87,"column":86}},{"start":{},"end":{}}]},"13":{"loc":{"start":{"line":89,"column":46},"end":{"line":89,"column":60}},"type":"binary-expr","locations":[{"start":{"line":89,"column":46},"end":{"line":89,"column":54}},{"start":{"line":89,"column":58},"end":{"line":89,"column":60}}]},"14":{"loc":{"start":{"line":91,"column":4},"end":{"line":93,"column":5}},"type":"if","locations":[{"start":{"line":91,"column":4},"end":{"line":93,"column":5}},{"start":{},"end":{}}]},"15":{"loc":{"start":{"line":91,"column":8},"end":{"line":91,"column":47}},"type":"binary-expr","locations":[{"start":{"line":91,"column":8},"end":{"line":91,"column":13}},{"start":{"line":91,"column":17},"end":{"line":91,"column":23}},{"start":{"line":91,"column":27},"end":{"line":91,"column":36}},{"start":{"line":91,"column":40},"end":{"line":91,"column":47}}]},"16":{"loc":{"start":{"line":95,"column":4},"end":{"line":98,"column":5}},"type":"if","locations":[{"start":{"line":95,"column":4},"end":{"line":98,"column":5}},{"start":{},"end":{}}]},"17":{"loc":{"start":{"line":97,"column":6},"end":{"line":97,"column":82}},"type":"if","locations":[{"start":{"line":97,"column":6},"end":{"line":97,"column":82}},{"start":{},"end":{}}]},"18":{"loc":{"start":{"line":101,"column":4},"end":{"line":101,"column":33}},"type":"if","locations":[{"start":{"line":101,"column":4},"end":{"line":101,"column":33}},{"start":{},"end":{}}]},"19":{"loc":{"start":{"line":102,"column":4},"end":{"line":102,"column":36}},"type":"if","locations":[{"start":{"line":102,"column":4},"end":{"line":102,"column":36}},{"start":{},"end":{}}]},"20":{"loc":{"start":{"line":103,"column":4},"end":{"line":103,"column":39}},"type":"if","locations":[{"start":{"line":103,"column":4},"end":{"line":103,"column":39}},{"start":{},"end":{}}]},"21":{"loc":{"start":{"line":104,"column":4},"end":{"line":106,"column":5}},"type":"if","locations":[{"start":{"line":104,"column":4},"end":{"line":106,"column":5}},{"start":{},"end":{}}]},"22":{"loc":{"start":{"line":114,"column":4},"end":{"line":114,"column":84}},"type":"if","locations":[{"start":{"line":114,"column":4},"end":{"line":114,"column":84}},{"start":{},"end":{}}]},"23":{"loc":{"start":{"line":121,"column":14},"end":{"line":121,"column":36}},"type":"binary-expr","locations":[{"start":{"line":121,"column":14},"end":{"line":121,"column":26}},{"start":{"line":121,"column":30},"end":{"line":121,"column":36}}]},"24":{"loc":{"start":{"line":122,"column":16},"end":{"line":122,"column":42}},"type":"binary-expr","locations":[{"start":{"line":122,"column":16},"end":{"line":122,"column":30}},{"start":{"line":122,"column":34},"end":{"line":122,"column":42}}]},"25":{"loc":{"start":{"line":145,"column":4},"end":{"line":145,"column":86}},"type":"if","locations":[{"start":{"line":145,"column":4},"end":{"line":145,"column":86}},{"start":{},"end":{}}]},"26":{"loc":{"start":{"line":148,"column":4},"end":{"line":148,"column":83}},"type":"if","locations":[{"start":{"line":148,"column":4},"end":{"line":148,"column":83}},{"start":{},"end":{}}]},"27":{"loc":{"start":{"line":165,"column":19},"end":{"line":165,"column":80}},"type":"binary-expr","locations":[{"start":{"line":165,"column":19},"end":{"line":165,"column":41}},{"start":{"line":165,"column":45},"end":{"line":165,"column":64}},{"start":{"line":165,"column":68},"end":{"line":165,"column":80}}]},"28":{"loc":{"start":{"line":172,"column":4},"end":{"line":174,"column":5}},"type":"if","locations":[{"start":{"line":172,"column":4},"end":{"line":174,"column":5}},{"start":{},"end":{}}]},"29":{"loc":{"start":{"line":176,"column":4},"end":{"line":180,"column":5}},"type":"if","locations":[{"start":{"line":176,"column":4},"end":{"line":180,"column":5}},{"start":{},"end":{}}]},"30":{"loc":{"start":{"line":184,"column":4},"end":{"line":186,"column":5}},"type":"if","locations":[{"start":{"line":184,"column":4},"end":{"line":186,"column":5}},{"start":{},"end":{}}]},"31":{"loc":{"start":{"line":193,"column":14},"end":{"line":193,"column":33}},"type":"binary-expr","locations":[{"start":{"line":193,"column":14},"end":{"line":193,"column":23}},{"start":{"line":193,"column":27},"end":{"line":193,"column":33}}]},"32":{"loc":{"start":{"line":196,"column":16},"end":{"line":196,"column":39}},"type":"binary-expr","locations":[{"start":{"line":196,"column":16},"end":{"line":196,"column":27}},{"start":{"line":196,"column":31},"end":{"line":196,"column":39}}]},"33":{"loc":{"start":{"line":221,"column":4},"end":{"line":221,"column":86}},"type":"if","locations":[{"start":{"line":221,"column":4},"end":{"line":221,"column":86}},{"start":{},"end":{}}]},"34":{"loc":{"start":{"line":223,"column":21},"end":{"line":223,"column":35}},"type":"binary-expr","locations":[{"start":{"line":223,"column":21},"end":{"line":223,"column":29}},{"start":{"line":223,"column":33},"end":{"line":223,"column":35}}]},"35":{"loc":{"start":{"line":224,"column":4},"end":{"line":226,"column":5}},"type":"if","locations":[{"start":{"line":224,"column":4},"end":{"line":226,"column":5}},{"start":{},"end":{}}]},"36":{"loc":{"start":{"line":224,"column":8},"end":{"line":224,"column":50}},"type":"binary-expr","locations":[{"start":{"line":224,"column":8},"end":{"line":224,"column":13}},{"start":{"line":224,"column":17},"end":{"line":224,"column":50}}]},"37":{"loc":{"start":{"line":233,"column":4},"end":{"line":233,"column":84}},"type":"if","locations":[{"start":{"line":233,"column":4},"end":{"line":233,"column":84}},{"start":{},"end":{}}]},"38":{"loc":{"start":{"line":246,"column":4},"end":{"line":248,"column":5}},"type":"if","locations":[{"start":{"line":246,"column":4},"end":{"line":248,"column":5}},{"start":{},"end":{}}]},"39":{"loc":{"start":{"line":250,"column":23},"end":{"line":250,"column":37}},"type":"binary-expr","locations":[{"start":{"line":250,"column":23},"end":{"line":250,"column":31}},{"start":{"line":250,"column":35},"end":{"line":250,"column":37}}]},"40":{"loc":{"start":{"line":251,"column":4},"end":{"line":253,"column":5}},"type":"if","locations":[{"start":{"line":251,"column":4},"end":{"line":253,"column":5}},{"start":{},"end":{}}]},"41":{"loc":{"start":{"line":251,"column":8},"end":{"line":251,"column":58}},"type":"binary-expr","locations":[{"start":{"line":251,"column":8},"end":{"line":251,"column":15}},{"start":{"line":251,"column":19},"end":{"line":251,"column":58}}]},"42":{"loc":{"start":{"line":261,"column":4},"end":{"line":263,"column":5}},"type":"if","locations":[{"start":{"line":261,"column":4},"end":{"line":263,"column":5}},{"start":{},"end":{}}]},"43":{"loc":{"start":{"line":281,"column":4},"end":{"line":283,"column":5}},"type":"if","locations":[{"start":{"line":281,"column":4},"end":{"line":283,"column":5}},{"start":{},"end":{}}]},"44":{"loc":{"start":{"line":285,"column":23},"end":{"line":285,"column":37}},"type":"binary-expr","locations":[{"start":{"line":285,"column":23},"end":{"line":285,"column":31}},{"start":{"line":285,"column":35},"end":{"line":285,"column":37}}]},"45":{"loc":{"start":{"line":288,"column":4},"end":{"line":290,"column":5}},"type":"if","locations":[{"start":{"line":288,"column":4},"end":{"line":290,"column":5}},{"start":{},"end":{}}]},"46":{"loc":{"start":{"line":288,"column":8},"end":{"line":288,"column":61}},"type":"binary-expr","locations":[{"start":{"line":288,"column":8},"end":{"line":288,"column":39}},{"start":{"line":288,"column":43},"end":{"line":288,"column":61}}]},"47":{"loc":{"start":{"line":293,"column":4},"end":{"line":295,"column":5}},"type":"if","locations":[{"start":{"line":293,"column":4},"end":{"line":295,"column":5}},{"start":{},"end":{}}]},"48":{"loc":{"start":{"line":297,"column":20},"end":{"line":297,"column":37}},"type":"binary-expr","locations":[{"start":{"line":297,"column":20},"end":{"line":297,"column":32}},{"start":{"line":297,"column":36},"end":{"line":297,"column":37}}]}},"s":{"0":1,"1":1,"2":1,"3":1,"4":1,"5":1,"6":1,"7":1,"8":1,"9":1,"10":1,"11":1,"12":1,"13":1,"14":1,"15":0,"16":0,"17":0,"18":0,"19":0,"20":0,"21":1,"22":2,"23":2,"24":2,"25":0,"26":2,"27":1,"28":1,"29":1,"30":0,"31":1,"32":1,"33":0,"34":1,"35":1,"36":0,"37":1,"38":1,"39":1,"40":1,"41":0,"42":1,"43":0,"44":0,"45":0,"46":0,"47":0,"48":0,"49":0,"50":0,"51":0,"52":0,"53":0,"54":0,"55":0,"56":0,"57":0,"58":0,"59":0,"60":0,"61":0,"62":0,"63":0,"64":0,"65":0,"66":0,"67":0,"68":0,"69":0,"70":0,"71":0,"72":0,"73":0,"74":0,"75":0,"76":0,"77":0,"78":0,"79":0,"80":0,"81":0,"82":0,"83":0,"84":0,"85":0,"86":0,"87":0,"88":0,"89":0,"90":0,"91":0,"92":0,"93":0,"94":1,"95":1,"96":1,"97":1,"98":1,"99":0,"100":1,"101":0,"102":1,"103":1,"104":1,"105":0,"106":0,"107":0,"108":0,"109":0,"110":0,"111":0,"112":0,"113":0,"114":0,"115":0,"116":0,"117":0,"118":0,"119":0,"120":0,"121":0,"122":0,"123":0,"124":0,"125":0,"126":0,"127":0,"128":0,"129":0,"130":0,"131":0,"132":0,"133":0,"134":0,"135":0,"136":0,"137":0,"138":0,"139":0,"140":0,"141":0,"142":0,"143":0,"144":0,"145":0,"146":0,"147":0,"148":0,"149":0,"150":0},"f":{"0":0,"1":0,"2":2,"3":0,"4":0,"5":0,"6":0,"7":1,"8":0,"9":0,"10":0},"b":{"0":[0,0],"1":[0,0],"2":[0,0],"3":[0,2],"4":[2,2,2],"5":[1,1],"6":[0,1],"7":[0,1],"8":[0,1],"9":[0,0],"10":[0,0],"11":[0,0],"12":[0,0],"13":[0,0],"14":[0,0],"15":[0,0,0,0],"16":[0,0],"17":[0,0],"18":[0,0],"19":[0,0],"20":[0,0],"21":[0,0],"22":[0,0],"23":[0,0],"24":[0,0],"25":[0,0],"26":[0,0],"27":[1,1,1],"28":[0,1],"29":[0,1],"30":[1,0],"31":[0,0],"32":[0,0],"33":[0,0],"34":[0,0],"35":[0,0],"36":[0,0],"37":[0,0],"38":[0,0],"39":[0,0],"40":[0,0],"41":[0,0],"42":[0,0],"43":[0,0],"44":[0,0],"45":[0,0],"46":[0,0],"47":[0,0],"48":[0,0]}}
,"/Users/rubenerik/Documents/ITESO/Semestre 6/Proyecto_PruebasSoftware/PROYECTO_TECNOLOGIAS_SERVER-CLIENTE/Backend/src/app/users/model.ts": {"path":"/Users/rubenerik/Documents/ITESO/Semestre 6/Proyecto_PruebasSoftware/PROYECTO_TECNOLOGIAS_SERVER-CLIENTE/Backend/src/app/users/model.ts","statementMap":{"0":{"start":{"line":1,"column":0},"end":{"line":1,"column":41}},"1":{"start":{"line":4,"column":19},"end":{"line":59,"column":null}},"2":{"start":{"line":18,"column":8},"end":{"line":18,"column":30}},"3":{"start":{"line":62,"column":13},"end":{"line":62,"column":58}}},"fnMap":{"0":{"name":"(anonymous_0)","decl":{"start":{"line":17,"column":16},"end":{"line":17,"column":null}},"loc":{"start":{"line":17,"column":16},"end":{"line":19,"column":7}}}},"branchMap":{},"s":{"0":2,"1":2,"2":0,"3":2},"f":{"0":0},"b":{}}
}
