TN:
SF:src/app/agents/controller.ts
FN:12,getAuthUser
FN:22,getAllAgents
FN:48,getAgentById
FN:65,(anonymous_3)
FN:102,updateAgent
FN:158,deleteAgent
FN:187,searchAgent
FN:211,rentAgent
FN:264,(anonymous_8)
FN:295,getMyRentedAgents
FN:309,releaseAgent
FNF:11
FNH:4
FNDA:1,getAuthUser
FNDA:1,getAllAgents
FNDA:0,getAgentById
FNDA:1,(anonymous_3)
FNDA:0,updateAgent
FNDA:0,deleteAgent
FNDA:0,searchAgent
FNDA:1,rentAgent
FNDA:0,(anonymous_8)
FNDA:0,getMyRentedAgents
FNDA:0,releaseAgent
DA:2,1
DA:3,1
DA:4,1
DA:5,1
DA:13,1
DA:14,1
DA:15,1
DA:22,1
DA:23,1
DA:24,1
DA:29,1
DA:31,1
DA:32,0
DA:35,1
DA:36,0
DA:39,1
DA:40,1
DA:42,0
DA:43,0
DA:48,1
DA:49,0
DA:50,0
DA:52,0
DA:53,0
DA:54,0
DA:57,0
DA:59,0
DA:60,0
DA:65,1
DA:66,1
DA:67,1
DA:69,1
DA:70,0
DA:73,1
DA:74,1
DA:77,0
DA:79,0
DA:81,0
DA:94,0
DA:96,0
DA:97,0
DA:102,1
DA:103,0
DA:104,0
DA:105,0
DA:106,0
DA:107,0
DA:110,0
DA:111,0
DA:112,0
DA:115,0
DA:116,0
DA:118,0
DA:119,0
DA:132,0
DA:134,0
DA:135,0
DA:137,0
DA:139,0
DA:140,0
DA:141,0
DA:142,0
DA:143,0
DA:144,0
DA:146,0
DA:147,0
DA:149,0
DA:150,0
DA:151,0
DA:153,0
DA:158,1
DA:159,0
DA:160,0
DA:161,0
DA:162,0
DA:163,0
DA:166,0
DA:167,0
DA:168,0
DA:171,0
DA:172,0
DA:174,0
DA:175,0
DA:178,0
DA:179,0
DA:181,0
DA:182,0
DA:187,1
DA:188,0
DA:189,0
DA:191,0
DA:192,0
DA:193,0
DA:196,0
DA:197,0
DA:203,0
DA:205,0
DA:206,0
DA:211,1
DA:212,1
DA:213,1
DA:215,1
DA:217,1
DA:219,1
DA:221,1
DA:222,1
DA:224,1
DA:226,1
DA:227,0
DA:231,1
DA:232,1
DA:233,0
DA:234,0
DA:235,1
DA:238,1
DA:239,1
DA:242,1
DA:243,1
DA:247,0
DA:248,0
DA:251,0
DA:252,0
DA:254,0
DA:255,0
DA:257,0
DA:259,0
DA:262,0
DA:263,0
DA:264,0
DA:265,0
DA:266,0
DA:267,0
DA:269,0
DA:270,0
DA:272,0
DA:277,0
DA:282,0
DA:289,0
DA:290,0
DA:295,1
DA:296,0
DA:297,0
DA:298,0
DA:300,0
DA:301,0
DA:303,0
DA:304,0
DA:309,1
DA:310,0
DA:311,0
DA:312,0
DA:314,0
DA:315,0
DA:317,0
DA:318,0
DA:321,0
DA:322,0
DA:324,0
DA:326,0
DA:327,0
LF:160
LH:44
BRDA:14,0,0,0
BRDA:14,0,1,1
BRDA:31,1,0,0
BRDA:31,1,1,1
BRDA:35,2,0,0
BRDA:35,2,1,1
BRDA:53,3,0,0
BRDA:53,3,1,0
BRDA:69,4,0,0
BRDA:69,4,1,1
BRDA:73,5,0,1
BRDA:73,5,1,0
BRDA:79,6,0,0
BRDA:79,6,1,0
BRDA:106,7,0,0
BRDA:106,7,1,0
BRDA:111,8,0,0
BRDA:111,8,1,0
BRDA:118,9,0,0
BRDA:118,9,1,0
BRDA:118,10,0,0
BRDA:118,10,1,0
BRDA:134,11,0,0
BRDA:134,11,1,0
BRDA:135,12,0,0
BRDA:135,12,1,0
BRDA:137,13,0,0
BRDA:137,13,1,0
BRDA:139,14,0,0
BRDA:139,14,1,0
BRDA:140,15,0,0
BRDA:140,15,1,0
BRDA:141,16,0,0
BRDA:141,16,1,0
BRDA:142,17,0,0
BRDA:142,17,1,0
BRDA:143,18,0,0
BRDA:143,18,1,0
BRDA:144,19,0,0
BRDA:144,19,1,0
BRDA:150,20,0,0
BRDA:150,20,1,0
BRDA:150,21,0,0
BRDA:150,21,1,0
BRDA:162,22,0,0
BRDA:162,22,1,0
BRDA:167,23,0,0
BRDA:167,23,1,0
BRDA:174,24,0,0
BRDA:174,24,1,0
BRDA:174,25,0,0
BRDA:174,25,1,0
BRDA:191,26,0,0
BRDA:191,26,1,0
BRDA:215,27,0,0
BRDA:215,28,0,0
BRDA:217,29,0,1
BRDA:217,29,1,0
BRDA:219,30,0,0
BRDA:219,30,1,1
BRDA:224,31,0,0
BRDA:224,31,1,1
BRDA:224,32,0,1
BRDA:224,32,1,1
BRDA:226,33,0,0
BRDA:226,33,1,1
BRDA:226,34,0,1
BRDA:226,34,1,0
BRDA:232,35,0,0
BRDA:232,35,1,0
BRDA:232,35,2,1
BRDA:242,36,0,1
BRDA:242,36,1,0
BRDA:242,37,0,1
BRDA:242,37,1,1
BRDA:247,38,0,0
BRDA:247,38,1,0
BRDA:257,39,0,0
BRDA:257,39,1,0
BRDA:263,40,0,0
BRDA:263,40,1,0
BRDA:267,41,0,0
BRDA:267,41,1,0
BRDA:269,42,0,0
BRDA:269,42,1,0
BRDA:269,43,0,0
BRDA:269,43,1,0
BRDA:270,44,0,0
BRDA:270,44,1,0
BRDA:297,45,0,0
BRDA:297,45,1,0
BRDA:298,46,0,0
BRDA:298,46,1,0
BRDA:312,47,0,0
BRDA:312,47,1,0
BRDA:315,48,0,0
BRDA:315,48,1,0
BRDA:317,49,0,0
BRDA:317,49,1,0
BRF:99
BRH:16
end_of_record
TN:
SF:src/app/agents/model.ts
FNF:0
FNH:0
DA:1,1
DA:4,1
DA:42,1
LF:3
LH:3
BRF:0
BRH:0
end_of_record
TN:
SF:src/app/users/controller.ts
FN:9,getUsers
FN:13,(anonymous_2)
FN:23,postUsers
FN:68,getUserById
FN:84,updateUser
FN:142,deleteUser
FN:158,getFavoriteAgents
FN:166,loginUser
FN:218,updateUserRole
FN:243,updateUserStatus
FN:278,addUserCredits
FNF:11
FNH:2
FNDA:0,getUsers
FNDA:0,(anonymous_2)
FNDA:2,postUsers
FNDA:0,getUserById
FNDA:0,updateUser
FNDA:0,deleteUser
FNDA:0,getFavoriteAgents
FNDA:1,loginUser
FNDA:0,updateUserRole
FNDA:0,updateUserStatus
FNDA:0,addUserCredits
DA:2,1
DA:3,1
DA:4,1
DA:5,1
DA:6,1
DA:9,1
DA:10,0
DA:11,0
DA:12,0
DA:13,0
DA:16,0
DA:17,0
DA:21,1
DA:23,1
DA:24,2
DA:25,2
DA:27,2
DA:28,0
DA:30,2
DA:31,1
DA:34,1
DA:35,1
DA:36,0
DA:39,1
DA:40,1
DA:41,0
DA:44,1
DA:45,1
DA:47,1
DA:48,1
DA:51,1
DA:52,1
DA:54,0
DA:57,1
DA:62,0
DA:63,0
DA:68,1
DA:69,0
DA:70,0
DA:71,0
DA:73,0
DA:74,0
DA:76,0
DA:78,0
DA:79,0
DA:84,1
DA:85,0
DA:86,0
DA:87,0
DA:89,0
DA:91,0
DA:92,0
DA:95,0
DA:96,0
DA:97,0
DA:100,0
DA:101,0
DA:102,0
DA:103,0
DA:104,0
DA:105,0
DA:108,0
DA:114,0
DA:116,0
DA:130,0
DA:136,0
DA:137,0
DA:142,1
DA:143,0
DA:144,0
DA:145,0
DA:147,0
DA:148,0
DA:150,0
DA:152,0
DA:153,0
DA:158,1
DA:159,0
DA:162,0
DA:165,1
DA:166,1
DA:167,1
DA:168,1
DA:170,1
DA:172,1
DA:173,0
DA:176,1
DA:177,0
DA:182,1
DA:184,1
DA:185,1
DA:188,0
DA:202,0
DA:212,0
DA:213,0
DA:218,1
DA:219,0
DA:220,0
DA:221,0
DA:223,0
DA:224,0
DA:225,0
DA:228,0
DA:233,0
DA:235,0
DA:237,0
DA:238,0
DA:243,1
DA:244,0
DA:245,0
DA:246,0
DA:247,0
DA:250,0
DA:251,0
DA:252,0
DA:255,0
DA:261,0
DA:262,0
DA:265,0
DA:272,0
DA:273,0
DA:278,1
DA:279,0
DA:280,0
DA:281,0
DA:282,0
DA:285,0
DA:286,0
DA:288,0
DA:289,0
DA:292,0
DA:293,0
DA:294,0
DA:297,0
DA:298,0
DA:300,0
DA:305,0
DA:306,0
LF:138
LH:41
BRDA:13,0,0,0
BRDA:13,0,1,0
BRDA:13,1,0,0
BRDA:13,1,1,0
BRDA:13,2,0,0
BRDA:13,2,1,0
BRDA:27,3,0,0
BRDA:27,3,1,2
BRDA:27,4,0,2
BRDA:27,4,1,2
BRDA:27,4,2,2
BRDA:30,5,0,1
BRDA:30,5,1,1
BRDA:35,6,0,0
BRDA:35,6,1,1
BRDA:40,7,0,0
BRDA:40,7,1,1
BRDA:45,8,0,0
BRDA:45,8,1,1
BRDA:71,9,0,0
BRDA:71,9,1,0
BRDA:74,10,0,0
BRDA:74,10,1,0
BRDA:76,11,0,0
BRDA:76,11,1,0
BRDA:87,12,0,0
BRDA:87,12,1,0
BRDA:89,13,0,0
BRDA:89,13,1,0
BRDA:91,14,0,0
BRDA:91,14,1,0
BRDA:91,15,0,0
BRDA:91,15,1,0
BRDA:91,15,2,0
BRDA:91,15,3,0
BRDA:95,16,0,0
BRDA:95,16,1,0
BRDA:97,17,0,0
BRDA:97,17,1,0
BRDA:101,18,0,0
BRDA:101,18,1,0
BRDA:102,19,0,0
BRDA:102,19,1,0
BRDA:103,20,0,0
BRDA:103,20,1,0
BRDA:104,21,0,0
BRDA:104,21,1,0
BRDA:114,22,0,0
BRDA:114,22,1,0
BRDA:121,23,0,0
BRDA:121,23,1,0
BRDA:122,24,0,0
BRDA:122,24,1,0
BRDA:145,25,0,0
BRDA:145,25,1,0
BRDA:148,26,0,0
BRDA:148,26,1,0
BRDA:165,27,0,1
BRDA:165,27,1,1
BRDA:165,27,2,1
BRDA:172,28,0,0
BRDA:172,28,1,1
BRDA:176,29,0,0
BRDA:176,29,1,1
BRDA:184,30,0,1
BRDA:184,30,1,0
BRDA:193,31,0,0
BRDA:193,31,1,0
BRDA:196,32,0,0
BRDA:196,32,1,0
BRDA:221,33,0,0
BRDA:221,33,1,0
BRDA:223,34,0,0
BRDA:223,34,1,0
BRDA:224,35,0,0
BRDA:224,35,1,0
BRDA:224,36,0,0
BRDA:224,36,1,0
BRDA:233,37,0,0
BRDA:233,37,1,0
BRDA:246,38,0,0
BRDA:246,38,1,0
BRDA:250,39,0,0
BRDA:250,39,1,0
BRDA:251,40,0,0
BRDA:251,40,1,0
BRDA:251,41,0,0
BRDA:251,41,1,0
BRDA:261,42,0,0
BRDA:261,42,1,0
BRDA:281,43,0,0
BRDA:281,43,1,0
BRDA:285,44,0,0
BRDA:285,44,1,0
BRDA:288,45,0,0
BRDA:288,45,1,0
BRDA:288,46,0,0
BRDA:288,46,1,0
BRDA:293,47,0,0
BRDA:293,47,1,0
BRDA:297,48,0,0
BRDA:297,48,1,0
BRF:102
BRH:15
end_of_record
TN:
SF:src/app/users/model.ts
FN:17,(anonymous_0)
FNF:1
FNH:0
FNDA:0,(anonymous_0)
DA:1,2
DA:4,2
DA:18,0
DA:62,2
LF:4
LH:3
BRF:0
BRH:0
end_of_record
